[14:00:56] THINK: Dags att bygga ett coolt bilspel. Men inte bara ETT bilspel - något unikt. Låt mig börja med research för att hitta en unik vinkel. Bilspel + något oväntat. Vad har INGEN gjort förut?

Några idéer:
- Racing + rhythm (gasa till beaten) - finns typ
- Racing + cooking (leverera mat) - intressant men gjort
- Racing + painting (din bil målar banan) - hmm
- Racing + time manipulation (rewind, fast-forward i realtid)
- Racing BAKLÄNGES - du ser bara backspegeln
- Racing + gravity shifts - vägen böjer sig i 3D
- Racing där BANAN är din fiende - den förändras medans du kör

Låt mig researcha vad som finns och hitta något UNIKT.
[14:01:33] THINK: Intressant research. Jag ser mönster:
- Combat racing (Car Eats Car)
- Futuristic neon racing
- Realistic simulators
- Track creators

Men inget verkligt UNIKT. Låt mig tänka på kombinationer som INGEN gjort:

1. RACING + ECHO/GHOST - Du tävlar mot din egen tidigare körning, men ghosten KAN PÅVERKA DIG (fysiskt knuffa, blockera)

2. RACING + INK/PAINTING - Dina däck målar banan, och målningen påverkar greppet för alla. Strategi!

3. RACING + REWINDING TIME - Som i Braid, du kan spola tillbaka tiden medan loppet fortsätter för andra

4. RACING + SOUND WAVES - Din bil skapar ljudvågor som studsar mot väggar och visar vägen (som ett ekolod) - du kör i mörker!

5. RACING + GRAVITY FLIP - Du kan växla gravitation och köra på taket/väggarna - som en riktig 3D-labyrint men i 2D

6. RACING MED "THE FLOOR IS LAVA" - Banan försvinner bakom dig, du måste hålla fart

7. RACING + DRAWING - Rita din egen bana MEDAN du kör på den

Nummer 4 är SJUKT cool - ECHO RACER. Du kör i totalt mörker, men din bil pingar ljudvågor som "lyser upp" banan tillfälligt. Ju snabbare du kör, desto kortare tid syns banan. Perfekt balans mellan fart och försiktighet.

Nej vänta - nummer 7 är ännu mer innovativ! DRAW RACER - Du RITAR banan framför dig medan du kör. Men det blir för svårt att implementera bra.

Låt mig kombinera: ECHO DRIFT - Racing i mörker där ljudvågor avslöjar banan. Med neon-estetik. Varje "ping" skapar vackra ljusvågor som visar terrängen.

Eller ännu bättre: NEON PULSE RACING
- Du kör i mörker
- Din bil pulserar ljus som avslöjar banan
- Ju snabbare du kör, desto starkare puls MEN kortare räckvidd
- Power-ups är synliga som glödande punkter
- Andra bilar syns som "radar blips"
- Lågt tempo = se mer men tappa position
- Högt tempo = blind men snabb

Detta är UNIKT!
[14:02:13] THINK: Okej, "Racing Blind" existerar redan med exakt sonar-konceptet. Jag behöver twista det ytterligare.

Nya idéer som är mer unika:

1. REVERSE RACER - Du kör BAKLÄNGES hela tiden, endast backspegel-vy. Helt annorlunda känsla.

2. GRAVITY SHIFT RACING - Tryck på knapp och gravitationen flippar - kör på taket, väggarna. Banorna är designade för att utnyttja detta.

3. TIME SPLIT RACING - Du kan dela din bil i två versioner som kör olika vägar, och måste merge:a dem igen vid checkpoints.

4. INK TRAIL RACING - Dina däck lämnar "bläck" som påverkar greppet för ALLA. Strategi: måla dåligt grepp på racing line så motståndare sladdar.

5. BULLET TIME RACING - Du kan slow-mo:a VÄRLDEN men inte dig själv. Resource management.

6. TERRAFORMING RACER - Din bil kan ÄNDRA banan medan du kör - höja/sänka terräng.

7. WEATHER CONTROL RACING - Du kontrollerar vädret som påverkar alla. Sol = snabbt, regn = sladdrigt, snö = slow.

Nummer 1 är enkelt men INGEN har gjort det bra. Och det är djupt frustrerande/roligt.

Nummer 4 - INK TRAIL är SJUKT strategiskt! "DRIFT & MARK" - Ink Racing

Eller... vad om jag kombinerar RACING + ROGUELIKE?

ROGUE RACER:
- Procedurell bana varje omgång
- Power-ups du väljer mellan (roguelike deck building)
- Varje "run" är unik
- Permanent upgrades mellan runs
- Bosses = extra svåra banor

Detta är UNIKT för browser racing!

Jag väljer: ROGUE DRIFT
- Roguelike racing
- Procedurell bana som genereras i realtid framför dig
- Val mellan power-ups efter varje segment
- Drift-fokuserat (Japansk drift-kultur estetik)
- Endless mode med progression
- "The road generates itself" - filosofi

Eller ännu enklare och mer polerat:

NEON DRIFT - En drift-fokuserad racing game med:
- Neon/synthwave estetik
- Drift-mekanik där du får poäng för drift
- Trafik att undvika
- Power-ups
- Endless mode med ökande svårighet
- Highscore system

Faktiskt, låt mig göra något RIKTIGT unikt:

DRIFT PAINTER
- Du driftar och din bil målar neonspår på banan
- Ju längre drift = mer poäng OCH mer målade pixels
- Mål: Måla hela banan i din färg medan du undviker hinder
- Territorium-kontroll + racing + drift
- Combo-system för sammankopplade målningar
- Multiplayer: tävla om att måla mest

DET ÄR UNIKT! Drift + territoriekontroll + konst.
[14:02:51] THINK: PERFEKT! "Drift painting" med territoriekontroll existerar INTE! Detta är min unika vinkel!

DRIFT PAINTER / NEON TERRITORY
- Drifta för att måla neonspår på banan
- Territoriekontroll - måla mer än motståndarna
- Undvik hinder och andra bilars spår
- Combo-system för sammankopplade målningar
- Synthwave/neon-estetik

Men låt mig tänka på om detta fungerar som SINGLE PLAYER först (enklare att bygga):

NEON DRIFT PAINTER (Single Player)
- Endless road som scrollar
- Drifta vänster/höger för att måla
- Målpoäng baserat på hur mycket du målar
- Hinder att undvika
- Power-ups: Bred pensel, boost, slow-mo
- Mål per level: Måla X% av banan
- Boss levels: Täck ett mönster

Hmm, det blir mer som "undvik hinder och drift" vilket finns...

Låt mig tänka annorlunda. Vad om driftens SPÅR är viktig på ett annat sätt?

DRIFT ECHO:
- Ditt driftspår blir en "ghost" som kör samma rutt efter dig
- Varje drift skapar en ny ghost
- Du måste undvika dina egna ghosts
- Ju fler drifts, desto fler ghosts
- Det blir kaotiskt - dina egna val jagar dig

DET ÄR UNIKT! Som Snake möter Racing möter Ghosts!

Men ännu enklare och mer addictive:

DRIFT SNAKE:
- Din bil lämnar ett långt spår bakom sig
- Om du kör in i ditt eget spår - game over
- Undvik hinder OCH ditt eget spår
- Spåret försvinner sakta (så inte omöjligt)
- Power-ups: Kort spår, boost, shield
- Endless mode med highscore

DETTA FINNS INTE! Snake + Drift Racing!

Jag kallar det: NEON SNAKE DRIFT

Nej vänta - låt mig göra det ännu bättre:

TRAIL BLAZER
- Du lämnar ELDSPÅR bakom dig
- Eldspåret blockerar vägen
- Mål: Överlev så länge som möjligt
- Hinder + ditt eget eldspår
- Eldspåret brinner ut efter X sekunder
- Power-ups som manipulerar elden

Faktum: Kombinationen DRIFT + SNAKE (trail du inte får röra) är SJUKT bra!

FINAL KONCEPT: NEON TRAIL

Hook: "Racing möter Snake - ditt driftspår är din fiende"

Core mechanics:
1. Drift-baserad kontroll (vänster/höger)
2. Du lämnar neonspår bakom dig
3. Rör ditt eget spår = game over
4. Spåret fadear ut efter 5 sekunder
5. Hinder på banan att undvika
6. Power-ups: Boost, Short Trail, Ghost Mode, Slow-Mo

Estetik: Synthwave, neon, 80-tals retro-futurism

Detta är UNIKT och ADDICTIVE!
[14:03:15] THINK: Snake Run Race är inte samma sak - det är en "snake eating game" kombinerat med running, inte att du undviker ditt EGET spår.

Min idé är annorlunda:
- Du KÖR en BIL (inte en orm)
- Du lämnar ett SPÅR bakom dig
- Spåret är DÖDSLIGT för dig själv
- Det handlar om att undvika att köra in i ditt eget tidigare spår

Detta är unikt! Låt mig gå vidare med konceptet.

NEON TRAIL - Final Concept
- Synthwave racing där ditt driftspår är dödsligt
- Snake-mekanik i racing-form
- Undvik hinder + ditt eget spår
- Power-ups
- Endless mode med highscore
- Full game med meny, tutorial, levels
[14:03:24] VISION: NEON TRAIL - Racing möter Snake - ditt neonspår är din värsta fiende
[14:03:47] NPM_INSTALL: phaser
[14:03:48] NPM_DONE: phaser
[14:03:51] LIST: filer
[14:04:09] WRITE: requirements.txt (3 rader)
[14:04:14] WRITE: main.py (27 rader)
[14:04:23] WRITE: index.html (47 rader)
[14:04:33] WRITE: static/css/style.css (95 rader)
[14:05:03] WRITE: src/config/constants.js (274 rader)
[14:05:41] WRITE: src/config/levels.js (353 rader)
[14:06:17] WRITE: src/systems/ScoreManager.js (413 rader)
[14:06:49] WRITE: src/systems/TrailManager.js (327 rader)
[14:07:23] WRITE: src/systems/ParticleManager.js (336 rader)
[14:07:59] WRITE: src/systems/AudioManager.js (388 rader)
[14:08:25] WRITE: src/systems/InputManager.js (288 rader)
[14:09:20] WRITE: src/entities/Player.js (557 rader)
[14:10:16] WRITE: src/entities/Obstacle.js (536 rader)
